[INFO] [2017-03-22 19:19:08][org.springframework.test.context.support.DefaultTestContextBootstrapper]Loaded default TestExecutionListener class names from location [META-INF/spring.factories]: [org.springframework.test.context.web.ServletTestExecutionListener, org.springframework.test.context.support.DirtiesContextBeforeModesTestExecutionListener, org.springframework.test.context.support.DependencyInjectionTestExecutionListener, org.springframework.test.context.support.DirtiesContextTestExecutionListener, org.springframework.test.context.transaction.TransactionalTestExecutionListener, org.springframework.test.context.jdbc.SqlScriptsTestExecutionListener]
[INFO] [2017-03-22 19:19:08][org.springframework.test.context.support.DefaultTestContextBootstrapper]Using TestExecutionListeners: [org.springframework.test.context.web.ServletTestExecutionListener@72d818d1, org.springframework.test.context.support.DirtiesContextBeforeModesTestExecutionListener@6e06451e, org.springframework.test.context.support.DependencyInjectionTestExecutionListener@59494225, org.springframework.test.context.support.DirtiesContextTestExecutionListener@6e1567f1, org.springframework.test.context.transaction.TransactionalTestExecutionListener@5cb9f472, org.springframework.test.context.jdbc.SqlScriptsTestExecutionListener@cb644e]
[INFO] [2017-03-22 19:19:08][org.springframework.beans.factory.xml.XmlBeanDefinitionReader]Loading XML bean definitions from class path resource [applicationContext.xml]
[INFO] [2017-03-22 19:19:09][org.springframework.context.support.GenericApplicationContext]Refreshing org.springframework.context.support.GenericApplicationContext@614ddd49: startup date [Wed Mar 22 19:19:09 CST 2017]; root of context hierarchy
[INFO] [2017-03-22 19:19:10][org.springframework.context.support.PropertySourcesPlaceholderConfigurer]Loading properties file from class path resource [jdbc.properties]
[INFO] [2017-03-22 19:19:10][org.springframework.beans.factory.annotation.AutowiredAnnotationBeanPostProcessor]JSR-330 'javax.inject.Inject' annotation found and supported for autowiring
[INFO] [2017-03-22 19:19:10][org.springframework.beans.factory.config.PropertiesFactoryBean]Loading properties file from class path resource [wx.properties]
[INFO] [2017-03-22 19:19:12][org.springframework.ui.freemarker.SpringTemplateLoader]SpringTemplateLoader for FreeMarker: using resource loader [org.springframework.context.support.GenericApplicationContext@614ddd49: startup date [Wed Mar 22 19:19:09 CST 2017]; root of context hierarchy] and template loader path [/WEB-INF/views/]
[INFO] [2017-03-22 19:19:12][org.springframework.web.servlet.view.freemarker.FreeMarkerConfigurer]ClassTemplateLoader for Spring macros added to FreeMarker configuration
[INFO] [2017-03-22 19:19:12][org.springframework.context.support.GenericApplicationContext]Closing org.springframework.context.support.GenericApplicationContext@614ddd49: startup date [Wed Mar 22 19:19:09 CST 2017]; root of context hierarchy
[INFO] [2017-03-22 19:19:40][org.springframework.test.context.support.DefaultTestContextBootstrapper]Loaded default TestExecutionListener class names from location [META-INF/spring.factories]: [org.springframework.test.context.web.ServletTestExecutionListener, org.springframework.test.context.support.DirtiesContextBeforeModesTestExecutionListener, org.springframework.test.context.support.DependencyInjectionTestExecutionListener, org.springframework.test.context.support.DirtiesContextTestExecutionListener, org.springframework.test.context.transaction.TransactionalTestExecutionListener, org.springframework.test.context.jdbc.SqlScriptsTestExecutionListener]
[INFO] [2017-03-22 19:19:40][org.springframework.test.context.support.DefaultTestContextBootstrapper]Using TestExecutionListeners: [org.springframework.test.context.web.ServletTestExecutionListener@72d818d1, org.springframework.test.context.support.DirtiesContextBeforeModesTestExecutionListener@6e06451e, org.springframework.test.context.support.DependencyInjectionTestExecutionListener@59494225, org.springframework.test.context.support.DirtiesContextTestExecutionListener@6e1567f1, org.springframework.test.context.transaction.TransactionalTestExecutionListener@5cb9f472, org.springframework.test.context.jdbc.SqlScriptsTestExecutionListener@cb644e]
[INFO] [2017-03-22 19:19:41][org.springframework.beans.factory.xml.XmlBeanDefinitionReader]Loading XML bean definitions from class path resource [applicationContext.xml]
[INFO] [2017-03-22 19:19:42][org.springframework.context.support.GenericApplicationContext]Refreshing org.springframework.context.support.GenericApplicationContext@614ddd49: startup date [Wed Mar 22 19:19:42 CST 2017]; root of context hierarchy
[INFO] [2017-03-22 19:19:43][org.springframework.context.support.PropertySourcesPlaceholderConfigurer]Loading properties file from class path resource [jdbc.properties]
[INFO] [2017-03-22 19:19:43][org.springframework.beans.factory.annotation.AutowiredAnnotationBeanPostProcessor]JSR-330 'javax.inject.Inject' annotation found and supported for autowiring
[INFO] [2017-03-22 19:19:43][org.springframework.beans.factory.config.PropertiesFactoryBean]Loading properties file from class path resource [wx.properties]
[INFO] [2017-03-22 19:19:45][org.springframework.ui.freemarker.SpringTemplateLoader]SpringTemplateLoader for FreeMarker: using resource loader [org.springframework.context.support.GenericApplicationContext@614ddd49: startup date [Wed Mar 22 19:19:42 CST 2017]; root of context hierarchy] and template loader path [/WEB-INF/views/]
[INFO] [2017-03-22 19:19:45][org.springframework.web.servlet.view.freemarker.FreeMarkerConfigurer]ClassTemplateLoader for Spring macros added to FreeMarker configuration
[INFO] [2017-03-22 19:19:45][org.springframework.context.support.GenericApplicationContext]Closing org.springframework.context.support.GenericApplicationContext@614ddd49: startup date [Wed Mar 22 19:19:42 CST 2017]; root of context hierarchy
[INFO] [2017-03-22 19:20:20][org.springframework.test.context.support.DefaultTestContextBootstrapper]Loaded default TestExecutionListener class names from location [META-INF/spring.factories]: [org.springframework.test.context.web.ServletTestExecutionListener, org.springframework.test.context.support.DirtiesContextBeforeModesTestExecutionListener, org.springframework.test.context.support.DependencyInjectionTestExecutionListener, org.springframework.test.context.support.DirtiesContextTestExecutionListener, org.springframework.test.context.transaction.TransactionalTestExecutionListener, org.springframework.test.context.jdbc.SqlScriptsTestExecutionListener]
[INFO] [2017-03-22 19:20:20][org.springframework.test.context.support.DefaultTestContextBootstrapper]Using TestExecutionListeners: [org.springframework.test.context.web.ServletTestExecutionListener@72d818d1, org.springframework.test.context.support.DirtiesContextBeforeModesTestExecutionListener@6e06451e, org.springframework.test.context.support.DependencyInjectionTestExecutionListener@59494225, org.springframework.test.context.support.DirtiesContextTestExecutionListener@6e1567f1, org.springframework.test.context.transaction.TransactionalTestExecutionListener@5cb9f472, org.springframework.test.context.jdbc.SqlScriptsTestExecutionListener@cb644e]
[INFO] [2017-03-22 19:20:20][org.springframework.beans.factory.xml.XmlBeanDefinitionReader]Loading XML bean definitions from class path resource [applicationContext.xml]
[INFO] [2017-03-22 19:20:21][org.springframework.context.support.GenericApplicationContext]Refreshing org.springframework.context.support.GenericApplicationContext@614ddd49: startup date [Wed Mar 22 19:20:21 CST 2017]; root of context hierarchy
[INFO] [2017-03-22 19:20:22][org.springframework.context.support.PropertySourcesPlaceholderConfigurer]Loading properties file from class path resource [jdbc.properties]
[INFO] [2017-03-22 19:20:22][org.springframework.beans.factory.annotation.AutowiredAnnotationBeanPostProcessor]JSR-330 'javax.inject.Inject' annotation found and supported for autowiring
[INFO] [2017-03-22 19:20:22][org.springframework.beans.factory.config.PropertiesFactoryBean]Loading properties file from class path resource [wx.properties]
[INFO] [2017-03-22 19:20:23][org.springframework.ui.freemarker.SpringTemplateLoader]SpringTemplateLoader for FreeMarker: using resource loader [org.springframework.context.support.GenericApplicationContext@614ddd49: startup date [Wed Mar 22 19:20:21 CST 2017]; root of context hierarchy] and template loader path [/WEB-INF/views/]
[INFO] [2017-03-22 19:20:23][org.springframework.web.servlet.view.freemarker.FreeMarkerConfigurer]ClassTemplateLoader for Spring macros added to FreeMarker configuration
[INFO] [2017-03-22 19:20:24][org.springframework.context.support.GenericApplicationContext]Closing org.springframework.context.support.GenericApplicationContext@614ddd49: startup date [Wed Mar 22 19:20:21 CST 2017]; root of context hierarchy
[INFO] [2017-03-22 19:20:36][org.springframework.test.context.support.DefaultTestContextBootstrapper]Loaded default TestExecutionListener class names from location [META-INF/spring.factories]: [org.springframework.test.context.web.ServletTestExecutionListener, org.springframework.test.context.support.DirtiesContextBeforeModesTestExecutionListener, org.springframework.test.context.support.DependencyInjectionTestExecutionListener, org.springframework.test.context.support.DirtiesContextTestExecutionListener, org.springframework.test.context.transaction.TransactionalTestExecutionListener, org.springframework.test.context.jdbc.SqlScriptsTestExecutionListener]
[INFO] [2017-03-22 19:20:36][org.springframework.test.context.support.DefaultTestContextBootstrapper]Using TestExecutionListeners: [org.springframework.test.context.web.ServletTestExecutionListener@72d818d1, org.springframework.test.context.support.DirtiesContextBeforeModesTestExecutionListener@6e06451e, org.springframework.test.context.support.DependencyInjectionTestExecutionListener@59494225, org.springframework.test.context.support.DirtiesContextTestExecutionListener@6e1567f1, org.springframework.test.context.transaction.TransactionalTestExecutionListener@5cb9f472, org.springframework.test.context.jdbc.SqlScriptsTestExecutionListener@cb644e]
[INFO] [2017-03-22 19:20:36][org.springframework.beans.factory.xml.XmlBeanDefinitionReader]Loading XML bean definitions from class path resource [applicationContext.xml]
[INFO] [2017-03-22 19:20:37][org.springframework.context.support.GenericApplicationContext]Refreshing org.springframework.context.support.GenericApplicationContext@614ddd49: startup date [Wed Mar 22 19:20:37 CST 2017]; root of context hierarchy
[INFO] [2017-03-22 19:20:38][org.springframework.context.support.PropertySourcesPlaceholderConfigurer]Loading properties file from class path resource [jdbc.properties]
[INFO] [2017-03-22 19:20:38][org.springframework.beans.factory.annotation.AutowiredAnnotationBeanPostProcessor]JSR-330 'javax.inject.Inject' annotation found and supported for autowiring
[INFO] [2017-03-22 19:20:39][org.springframework.beans.factory.config.PropertiesFactoryBean]Loading properties file from class path resource [wx.properties]
[INFO] [2017-03-22 19:20:40][org.springframework.ui.freemarker.SpringTemplateLoader]SpringTemplateLoader for FreeMarker: using resource loader [org.springframework.context.support.GenericApplicationContext@614ddd49: startup date [Wed Mar 22 19:20:37 CST 2017]; root of context hierarchy] and template loader path [/WEB-INF/views/]
[INFO] [2017-03-22 19:20:40][org.springframework.web.servlet.view.freemarker.FreeMarkerConfigurer]ClassTemplateLoader for Spring macros added to FreeMarker configuration
[INFO] [2017-03-22 19:20:41][org.springframework.context.support.GenericApplicationContext]Closing org.springframework.context.support.GenericApplicationContext@614ddd49: startup date [Wed Mar 22 19:20:37 CST 2017]; root of context hierarchy
[INFO] [2017-03-22 19:38:34][org.springframework.test.context.support.DefaultTestContextBootstrapper]Loaded default TestExecutionListener class names from location [META-INF/spring.factories]: [org.springframework.test.context.web.ServletTestExecutionListener, org.springframework.test.context.support.DirtiesContextBeforeModesTestExecutionListener, org.springframework.test.context.support.DependencyInjectionTestExecutionListener, org.springframework.test.context.support.DirtiesContextTestExecutionListener, org.springframework.test.context.transaction.TransactionalTestExecutionListener, org.springframework.test.context.jdbc.SqlScriptsTestExecutionListener]
[INFO] [2017-03-22 19:38:34][org.springframework.test.context.support.DefaultTestContextBootstrapper]Using TestExecutionListeners: [org.springframework.test.context.web.ServletTestExecutionListener@72d818d1, org.springframework.test.context.support.DirtiesContextBeforeModesTestExecutionListener@6e06451e, org.springframework.test.context.support.DependencyInjectionTestExecutionListener@59494225, org.springframework.test.context.support.DirtiesContextTestExecutionListener@6e1567f1, org.springframework.test.context.transaction.TransactionalTestExecutionListener@5cb9f472, org.springframework.test.context.jdbc.SqlScriptsTestExecutionListener@cb644e]
[INFO] [2017-03-22 19:38:34][org.springframework.beans.factory.xml.XmlBeanDefinitionReader]Loading XML bean definitions from class path resource [applicationContext.xml]
[INFO] [2017-03-22 19:38:35][org.springframework.context.support.GenericApplicationContext]Refreshing org.springframework.context.support.GenericApplicationContext@614ddd49: startup date [Wed Mar 22 19:38:35 CST 2017]; root of context hierarchy
[INFO] [2017-03-22 19:38:36][org.springframework.context.support.PropertySourcesPlaceholderConfigurer]Loading properties file from class path resource [jdbc.properties]
[INFO] [2017-03-22 19:38:36][org.springframework.beans.factory.annotation.AutowiredAnnotationBeanPostProcessor]JSR-330 'javax.inject.Inject' annotation found and supported for autowiring
[INFO] [2017-03-22 19:38:36][org.springframework.beans.factory.config.PropertiesFactoryBean]Loading properties file from class path resource [wx.properties]
[INFO] [2017-03-22 19:38:38][org.springframework.ui.freemarker.SpringTemplateLoader]SpringTemplateLoader for FreeMarker: using resource loader [org.springframework.context.support.GenericApplicationContext@614ddd49: startup date [Wed Mar 22 19:38:35 CST 2017]; root of context hierarchy] and template loader path [/WEB-INF/views/]
[INFO] [2017-03-22 19:38:38][org.springframework.web.servlet.view.freemarker.FreeMarkerConfigurer]ClassTemplateLoader for Spring macros added to FreeMarker configuration
[INFO] [2017-03-22 19:38:39][org.springframework.context.support.GenericApplicationContext]Closing org.springframework.context.support.GenericApplicationContext@614ddd49: startup date [Wed Mar 22 19:38:35 CST 2017]; root of context hierarchy
[INFO] [2017-03-22 19:44:13][org.springframework.test.context.support.DefaultTestContextBootstrapper]Loaded default TestExecutionListener class names from location [META-INF/spring.factories]: [org.springframework.test.context.web.ServletTestExecutionListener, org.springframework.test.context.support.DirtiesContextBeforeModesTestExecutionListener, org.springframework.test.context.support.DependencyInjectionTestExecutionListener, org.springframework.test.context.support.DirtiesContextTestExecutionListener, org.springframework.test.context.transaction.TransactionalTestExecutionListener, org.springframework.test.context.jdbc.SqlScriptsTestExecutionListener]
[INFO] [2017-03-22 19:44:13][org.springframework.test.context.support.DefaultTestContextBootstrapper]Using TestExecutionListeners: [org.springframework.test.context.web.ServletTestExecutionListener@72d818d1, org.springframework.test.context.support.DirtiesContextBeforeModesTestExecutionListener@6e06451e, org.springframework.test.context.support.DependencyInjectionTestExecutionListener@59494225, org.springframework.test.context.support.DirtiesContextTestExecutionListener@6e1567f1, org.springframework.test.context.transaction.TransactionalTestExecutionListener@5cb9f472, org.springframework.test.context.jdbc.SqlScriptsTestExecutionListener@cb644e]
[INFO] [2017-03-22 19:44:13][org.springframework.beans.factory.xml.XmlBeanDefinitionReader]Loading XML bean definitions from class path resource [applicationContext.xml]
[INFO] [2017-03-22 19:44:14][org.springframework.context.support.GenericApplicationContext]Refreshing org.springframework.context.support.GenericApplicationContext@614ddd49: startup date [Wed Mar 22 19:44:14 CST 2017]; root of context hierarchy
[INFO] [2017-03-22 19:44:15][org.springframework.context.support.PropertySourcesPlaceholderConfigurer]Loading properties file from class path resource [jdbc.properties]
[INFO] [2017-03-22 19:44:15][org.springframework.beans.factory.annotation.AutowiredAnnotationBeanPostProcessor]JSR-330 'javax.inject.Inject' annotation found and supported for autowiring
[INFO] [2017-03-22 19:44:16][org.springframework.beans.factory.config.PropertiesFactoryBean]Loading properties file from class path resource [wx.properties]
[INFO] [2017-03-22 19:44:17][org.springframework.ui.freemarker.SpringTemplateLoader]SpringTemplateLoader for FreeMarker: using resource loader [org.springframework.context.support.GenericApplicationContext@614ddd49: startup date [Wed Mar 22 19:44:14 CST 2017]; root of context hierarchy] and template loader path [/WEB-INF/views/]
[INFO] [2017-03-22 19:44:17][org.springframework.web.servlet.view.freemarker.FreeMarkerConfigurer]ClassTemplateLoader for Spring macros added to FreeMarker configuration
[INFO] [2017-03-22 19:44:18][org.springframework.beans.factory.xml.XmlBeanDefinitionReader]Loading XML bean definitions from class path resource [org/springframework/jdbc/support/sql-error-codes.xml]
[INFO] [2017-03-22 19:44:18][org.springframework.jdbc.support.SQLErrorCodesFactory]SQLErrorCodes loaded: [DB2, Derby, H2, HSQL, Informix, MS-SQL, MySQL, Oracle, PostgreSQL, Sybase, Hana]
[INFO] [2017-03-22 19:44:18][org.springframework.context.support.GenericApplicationContext]Closing org.springframework.context.support.GenericApplicationContext@614ddd49: startup date [Wed Mar 22 19:44:14 CST 2017]; root of context hierarchy
[INFO] [2017-03-22 19:45:30][org.springframework.test.context.support.DefaultTestContextBootstrapper]Loaded default TestExecutionListener class names from location [META-INF/spring.factories]: [org.springframework.test.context.web.ServletTestExecutionListener, org.springframework.test.context.support.DirtiesContextBeforeModesTestExecutionListener, org.springframework.test.context.support.DependencyInjectionTestExecutionListener, org.springframework.test.context.support.DirtiesContextTestExecutionListener, org.springframework.test.context.transaction.TransactionalTestExecutionListener, org.springframework.test.context.jdbc.SqlScriptsTestExecutionListener]
[INFO] [2017-03-22 19:45:30][org.springframework.test.context.support.DefaultTestContextBootstrapper]Using TestExecutionListeners: [org.springframework.test.context.web.ServletTestExecutionListener@72d818d1, org.springframework.test.context.support.DirtiesContextBeforeModesTestExecutionListener@6e06451e, org.springframework.test.context.support.DependencyInjectionTestExecutionListener@59494225, org.springframework.test.context.support.DirtiesContextTestExecutionListener@6e1567f1, org.springframework.test.context.transaction.TransactionalTestExecutionListener@5cb9f472, org.springframework.test.context.jdbc.SqlScriptsTestExecutionListener@cb644e]
[INFO] [2017-03-22 19:45:30][org.springframework.beans.factory.xml.XmlBeanDefinitionReader]Loading XML bean definitions from class path resource [applicationContext.xml]
[INFO] [2017-03-22 19:45:31][org.springframework.context.support.GenericApplicationContext]Refreshing org.springframework.context.support.GenericApplicationContext@614ddd49: startup date [Wed Mar 22 19:45:31 CST 2017]; root of context hierarchy
[INFO] [2017-03-22 19:45:32][org.springframework.context.support.PropertySourcesPlaceholderConfigurer]Loading properties file from class path resource [jdbc.properties]
[INFO] [2017-03-22 19:45:32][org.springframework.beans.factory.annotation.AutowiredAnnotationBeanPostProcessor]JSR-330 'javax.inject.Inject' annotation found and supported for autowiring
[INFO] [2017-03-22 19:45:33][org.springframework.beans.factory.config.PropertiesFactoryBean]Loading properties file from class path resource [wx.properties]
[INFO] [2017-03-22 19:45:34][org.springframework.ui.freemarker.SpringTemplateLoader]SpringTemplateLoader for FreeMarker: using resource loader [org.springframework.context.support.GenericApplicationContext@614ddd49: startup date [Wed Mar 22 19:45:31 CST 2017]; root of context hierarchy] and template loader path [/WEB-INF/views/]
[INFO] [2017-03-22 19:45:34][org.springframework.web.servlet.view.freemarker.FreeMarkerConfigurer]ClassTemplateLoader for Spring macros added to FreeMarker configuration
[INFO] [2017-03-22 19:45:35][org.springframework.beans.factory.xml.XmlBeanDefinitionReader]Loading XML bean definitions from class path resource [org/springframework/jdbc/support/sql-error-codes.xml]
[INFO] [2017-03-22 19:45:35][org.springframework.jdbc.support.SQLErrorCodesFactory]SQLErrorCodes loaded: [DB2, Derby, H2, HSQL, Informix, MS-SQL, MySQL, Oracle, PostgreSQL, Sybase, Hana]
[INFO] [2017-03-22 19:45:35][org.springframework.context.support.GenericApplicationContext]Closing org.springframework.context.support.GenericApplicationContext@614ddd49: startup date [Wed Mar 22 19:45:31 CST 2017]; root of context hierarchy
[INFO] [2017-03-22 19:53:07][org.springframework.test.context.support.DefaultTestContextBootstrapper]Loaded default TestExecutionListener class names from location [META-INF/spring.factories]: [org.springframework.test.context.web.ServletTestExecutionListener, org.springframework.test.context.support.DirtiesContextBeforeModesTestExecutionListener, org.springframework.test.context.support.DependencyInjectionTestExecutionListener, org.springframework.test.context.support.DirtiesContextTestExecutionListener, org.springframework.test.context.transaction.TransactionalTestExecutionListener, org.springframework.test.context.jdbc.SqlScriptsTestExecutionListener]
[INFO] [2017-03-22 19:53:07][org.springframework.test.context.support.DefaultTestContextBootstrapper]Using TestExecutionListeners: [org.springframework.test.context.web.ServletTestExecutionListener@72d818d1, org.springframework.test.context.support.DirtiesContextBeforeModesTestExecutionListener@6e06451e, org.springframework.test.context.support.DependencyInjectionTestExecutionListener@59494225, org.springframework.test.context.support.DirtiesContextTestExecutionListener@6e1567f1, org.springframework.test.context.transaction.TransactionalTestExecutionListener@5cb9f472, org.springframework.test.context.jdbc.SqlScriptsTestExecutionListener@cb644e]
[INFO] [2017-03-22 19:53:07][org.springframework.beans.factory.xml.XmlBeanDefinitionReader]Loading XML bean definitions from class path resource [applicationContext.xml]
[INFO] [2017-03-22 19:53:08][org.springframework.context.support.GenericApplicationContext]Refreshing org.springframework.context.support.GenericApplicationContext@614ddd49: startup date [Wed Mar 22 19:53:08 CST 2017]; root of context hierarchy
[INFO] [2017-03-22 19:53:09][org.springframework.context.support.PropertySourcesPlaceholderConfigurer]Loading properties file from class path resource [jdbc.properties]
[INFO] [2017-03-22 19:53:09][org.springframework.beans.factory.annotation.AutowiredAnnotationBeanPostProcessor]JSR-330 'javax.inject.Inject' annotation found and supported for autowiring
[INFO] [2017-03-22 19:53:09][org.springframework.beans.factory.config.PropertiesFactoryBean]Loading properties file from class path resource [wx.properties]
[INFO] [2017-03-22 19:53:11][org.springframework.ui.freemarker.SpringTemplateLoader]SpringTemplateLoader for FreeMarker: using resource loader [org.springframework.context.support.GenericApplicationContext@614ddd49: startup date [Wed Mar 22 19:53:08 CST 2017]; root of context hierarchy] and template loader path [/WEB-INF/views/]
[INFO] [2017-03-22 19:53:11][org.springframework.web.servlet.view.freemarker.FreeMarkerConfigurer]ClassTemplateLoader for Spring macros added to FreeMarker configuration
[INFO] [2017-03-22 19:53:11][org.springframework.beans.factory.xml.XmlBeanDefinitionReader]Loading XML bean definitions from class path resource [org/springframework/jdbc/support/sql-error-codes.xml]
[INFO] [2017-03-22 19:53:11][org.springframework.jdbc.support.SQLErrorCodesFactory]SQLErrorCodes loaded: [DB2, Derby, H2, HSQL, Informix, MS-SQL, MySQL, Oracle, PostgreSQL, Sybase, Hana]
[INFO] [2017-03-22 19:53:11][org.springframework.context.support.GenericApplicationContext]Closing org.springframework.context.support.GenericApplicationContext@614ddd49: startup date [Wed Mar 22 19:53:08 CST 2017]; root of context hierarchy
[INFO] [2017-03-22 19:55:40][org.springframework.test.context.support.DefaultTestContextBootstrapper]Loaded default TestExecutionListener class names from location [META-INF/spring.factories]: [org.springframework.test.context.web.ServletTestExecutionListener, org.springframework.test.context.support.DirtiesContextBeforeModesTestExecutionListener, org.springframework.test.context.support.DependencyInjectionTestExecutionListener, org.springframework.test.context.support.DirtiesContextTestExecutionListener, org.springframework.test.context.transaction.TransactionalTestExecutionListener, org.springframework.test.context.jdbc.SqlScriptsTestExecutionListener]
[INFO] [2017-03-22 19:55:40][org.springframework.test.context.support.DefaultTestContextBootstrapper]Using TestExecutionListeners: [org.springframework.test.context.web.ServletTestExecutionListener@72d818d1, org.springframework.test.context.support.DirtiesContextBeforeModesTestExecutionListener@6e06451e, org.springframework.test.context.support.DependencyInjectionTestExecutionListener@59494225, org.springframework.test.context.support.DirtiesContextTestExecutionListener@6e1567f1, org.springframework.test.context.transaction.TransactionalTestExecutionListener@5cb9f472, org.springframework.test.context.jdbc.SqlScriptsTestExecutionListener@cb644e]
[INFO] [2017-03-22 19:55:41][org.springframework.beans.factory.xml.XmlBeanDefinitionReader]Loading XML bean definitions from class path resource [applicationContext.xml]
[INFO] [2017-03-22 19:55:42][org.springframework.context.support.GenericApplicationContext]Refreshing org.springframework.context.support.GenericApplicationContext@614ddd49: startup date [Wed Mar 22 19:55:42 CST 2017]; root of context hierarchy
[INFO] [2017-03-22 19:55:43][org.springframework.context.support.PropertySourcesPlaceholderConfigurer]Loading properties file from class path resource [jdbc.properties]
[INFO] [2017-03-22 19:55:43][org.springframework.beans.factory.annotation.AutowiredAnnotationBeanPostProcessor]JSR-330 'javax.inject.Inject' annotation found and supported for autowiring
[INFO] [2017-03-22 19:55:43][org.springframework.beans.factory.config.PropertiesFactoryBean]Loading properties file from class path resource [wx.properties]
[INFO] [2017-03-22 19:55:45][org.springframework.ui.freemarker.SpringTemplateLoader]SpringTemplateLoader for FreeMarker: using resource loader [org.springframework.context.support.GenericApplicationContext@614ddd49: startup date [Wed Mar 22 19:55:42 CST 2017]; root of context hierarchy] and template loader path [/WEB-INF/views/]
[INFO] [2017-03-22 19:55:45][org.springframework.web.servlet.view.freemarker.FreeMarkerConfigurer]ClassTemplateLoader for Spring macros added to FreeMarker configuration
[INFO] [2017-03-22 19:55:45][org.springframework.context.support.GenericApplicationContext]Closing org.springframework.context.support.GenericApplicationContext@614ddd49: startup date [Wed Mar 22 19:55:42 CST 2017]; root of context hierarchy
